#
# A fatal error has been detected by the Java Runtime Environment:
#
#  SIGSEGV (0xb) at pc=0xa2f9e076, pid=10016, tid=0xa357f470
#
# JRE version: Java(TM) SE Runtime Environment (8.0_191-b12) (build 1.8.0_191-b12)
# Java VM: Java HotSpot(TM) Client VM (25.191-b12 mixed mode linux-arm )
# Problematic frame:
# C  [libgbm.so.1+0x2076]  gbm_surface_lock_front_buffer+0x1
#
# Failed to write core dump. Core dumps have been disabled. To enable core dumping, try "ulimit -c unlimited" before starting Java again
#
# If you would like to submit a bug report, please visit:
#   http://bugreport.java.com/bugreport/crash.jsp
# The crash happened outside the Java Virtual Machine in native code.
# See problematic frame for where to report the bug.
#

---------------  T H R E A D  ---------------

Current thread (0xa3195400):  JavaThread "QuantumRenderer-0" daemon [_thread_in_native, id=10025, stack(0xa3530000,0xa3580000)]

siginfo: si_signo: 11 (SIGSEGV), si_code: 1 (SEGV_MAPERR), si_addr: 0x00000000

Registers:
  r0  = 0x00000000
  r1  = 0x00000000
  r2  = 0xd00fab00
  r3  = 0xb4021274
  r4  = 0xb4021274
  r5  = 0xb40212b0
  r6  = 0xb4021274
  r7  = 0xb4021240
  r8  = 0xb40212c8
  r9  = 0xa3472338
  r10 = 0xa357e490
  fp  = 0xa357e4c4
  r12 = 0xb40210bc
  sp  = 0xa357e468
  lr  = 0xb400e588
  pc  = 0xa2f9e076
  cpsr = 0x60070030

Top of Stack: (sp=0xa357e468)
0xa357e468:   b4021274 b400e588 00000258 a3010000
0xa357e478:   00000005 00000000 00000000 b40212b4
0xa357e488:   b40212c0 b6fb9ce8 00003145 ffffffff
0xa357e498:   00003038 d00fab00 a357e428 b41b26a4
0xa357e4a8:   b400e2e8 00000000 00000000 a357e580
0xa357e4b8:   a4507ad8 a3195400 a357e564 b4181a2c
0xa357e4c8:   a34519b8 00000000 00000000 b68022e4
0xa357e4d8:   00000000 00000000 a4507a00 00000000 

Instructions: (pc=0xa2f9e076)
0xa2f9e056:   ec62f7ff 22162300 46186002 bdf0b005
0xa2f9e066:   b508bf00 f8d36803 479830c4 b508bd08
0xa2f9e076:   f8d36803 479830b8 b508bd08 f8d36803
0xa2f9e086:   479830bc b508bd08 f8d36803 479830c0 

Register to memory mapping:

  r0  = 0x00000000
0x00000000 is an unknown value

  r1  = 0x00000000
0x00000000 is an unknown value

  r2  = 0xd00fab00
0xd00fab00 is an unknown value

  r3  = 0xb4021274
0xb4021274: <offset 0x19274> in /usr/lib/jvm/java-8-oracle/jre/lib/arm/libglass_monocle.so at 0xb4008000

  r4  = 0xb4021274
0xb4021274: <offset 0x19274> in /usr/lib/jvm/java-8-oracle/jre/lib/arm/libglass_monocle.so at 0xb4008000

  r5  = 0xb40212b0
0xb40212b0: eglClientWaitSyncKHR+0 in /usr/lib/jvm/java-8-oracle/jre/lib/arm/libglass_monocle.so at 0xb4008000

  r6  = 0xb4021274
0xb4021274: <offset 0x19274> in /usr/lib/jvm/java-8-oracle/jre/lib/arm/libglass_monocle.so at 0xb4008000

  r7  = 0xb4021240
0xb4021240: <offset 0x19240> in /usr/lib/jvm/java-8-oracle/jre/lib/arm/libglass_monocle.so at 0xb4008000

  r8  = 0xb40212c8
0xb40212c8: eglDestroySyncKHR+0 in /usr/lib/jvm/java-8-oracle/jre/lib/arm/libglass_monocle.so at 0xb4008000

  r9  = 0xa3472338
0xa3472338 is an unknown value

  r10 = 0xa357e490
0xa357e490 is pointing into the stack for thread: 0xa3195400

  fp  = 0xa357e4c4
0xa357e4c4 is pointing into the stack for thread: 0xa3195400

  r12 = 0xb40210bc
0xb40210bc: <offset 0x190bc> in /usr/lib/jvm/java-8-oracle/jre/lib/arm/libglass_monocle.so at 0xb4008000

  sp  = 0xa357e468
0xa357e468 is pointing into the stack for thread: 0xa3195400

  lr  = 0xb400e588
0xb400e588: Java_com_sun_glass_ui_monocle_EGL_drmInitBuffers+0x2a0 in /usr/lib/jvm/java-8-oracle/jre/lib/arm/libglass_monocle.so at 0xb4008000

  pc  = 0xa2f9e076
0xa2f9e076: gbm_surface_lock_front_buffer+0x1 in /usr/lib/arm-linux-gnueabihf/libgbm.so.1 at 0xa2f9c000



Stack: [0xa3530000,0xa3580000],  sp=0xa357e468,  free space=313k
Native frames: (J=compiled Java code, j=interpreted, Vv=VM code, C=native code)
C  [libgbm.so.1+0x2076]  gbm_surface_lock_front_buffer+0x1

Java frames: (J=compiled Java code, j=interpreted, Vv=VM code)
j  com.sun.glass.ui.monocle.EGL.drmInitBuffers(JJ)Z+0
j  com.sun.glass.ui.monocle.AcceleratedScreen.<init>([I)V+523
j  com.sun.glass.ui.monocle.NativePlatform.getAcceleratedScreen([I)Lcom/sun/glass/ui/monocle/AcceleratedScreen;+13
j  com.sun.prism.es2.MonocleGLFactory.initialize(Ljava/lang/Class;Lcom/sun/prism/es2/GLPixelFormat$Attributes;)Z+76
j  com.sun.prism.es2.ES2Pipeline.<clinit>()V+49
v  ~StubRoutines::call_stub
j  java.lang.Class.forName0(Ljava/lang/String;ZLjava/lang/ClassLoader;Ljava/lang/Class;)Ljava/lang/Class;+0
j  java.lang.Class.forName(Ljava/lang/String;)Ljava/lang/Class;+11
j  com.sun.prism.GraphicsPipeline.createPipeline()Lcom/sun/prism/GraphicsPipeline;+232
j  com.sun.javafx.tk.quantum.QuantumRenderer$PipelineRunnable.init()V+0
j  com.sun.javafx.tk.quantum.QuantumRenderer$PipelineRunnable.run()V+1
j  java.lang.Thread.run()V+11
v  ~StubRoutines::call_stub

---------------  P R O C E S S  ---------------

Java Threads: ( => current thread )
=>0xa3195400 JavaThread "QuantumRenderer-0" daemon [_thread_in_native, id=10025, stack(0xa3530000,0xa3580000)]
  0xb6286800 JavaThread "Service Thread" daemon [_thread_blocked, id=10023, stack(0xa3730000,0xa3780000)]
  0xb6283400 JavaThread "C1 CompilerThread0" daemon [_thread_blocked, id=10022, stack(0xa3780000,0xa3800000)]
  0xb6281c00 JavaThread "Signal Dispatcher" daemon [_thread_blocked, id=10021, stack(0xa3916000,0xa3966000)]
  0xb6266c00 JavaThread "Finalizer" daemon [_thread_blocked, id=10020, stack(0xa3e10000,0xa3e60000)]
  0xb6264c00 JavaThread "Reference Handler" daemon [_thread_blocked, id=10019, stack(0xa3e60000,0xa3eb0000)]
  0xb6209400 JavaThread "main" [_thread_blocked, id=10017, stack(0xb635a000,0xb63aa000)]

Other Threads:
  0xb625f400 VMThread [stack: 0xa3eb0000,0xa3f30000] [id=10018]
  0xb6289800 WatcherThread [stack: 0xa3580000,0xa3600000] [id=10024]

VM state:not at safepoint (normal execution)

VM Mutex/Monitor currently owned by a thread: None

Heap:
 def new generation   total 4864K, used 1147K [0xa4600000, 0xa4b40000, 0xa9940000)
  eden space 4352K,  14% used [0xa4600000, 0xa469ecc8, 0xa4a40000)
  from space 512K, 100% used [0xa4ac0000, 0xa4b40000, 0xa4b40000)
  to   space 512K,   0% used [0xa4a40000, 0xa4a40000, 0xa4ac0000)
 tenured generation   total 11008K, used 665K [0xa9940000, 0xaa400000, 0xb4000000)
   the space 11008K,   6% used [0xa9940000, 0xa99e6640, 0xa99e6800, 0xaa400000)
 Metaspace       used 3205K, capacity 3416K, committed 3480K, reserved 4400K

Card table byte_map: [0xb4076000,0xb40f4000] byte_map_base: 0xb3b53000

Polling page: 0xb6fb5000

CodeCache: size=32768Kb used=743Kb max_used=743Kb free=32024Kb
 bounds [0xb4174000, 0xb4234000, 0xb6174000]
 total_blobs=294 nmethods=117 adapters=109
 compilation: enabled

Compilation events (10 events):
Event: 1.060 Thread 0xb6283400  111             java.lang.String::indexOf (7 bytes)
Event: 1.062 Thread 0xb6283400 nmethod 111 0xb422c348 code [0xb422c430, 0xb422c4c4]
Event: 1.094 Thread 0xb6283400  114             java.util.concurrent.ConcurrentHashMap::spread (10 bytes)
Event: 1.094 Thread 0xb6283400 nmethod 114 0xb422cc08 code [0xb422cce0, 0xb422cd68]
Event: 1.108 Thread 0xb6283400  115             java.lang.Class::getName (21 bytes)
Event: 1.109 Thread 0xb6283400 nmethod 115 0xb422cdc8 code [0xb422ceb0, 0xb422cf74]
Event: 1.218 Thread 0xb6283400  116             java.util.zip.ZStreamRef::address (5 bytes)
Event: 1.219 Thread 0xb6283400 nmethod 116 0xb422d248 code [0xb422d320, 0xb422d3b8]
Event: 1.228 Thread 0xb6283400  117             java.util.HashMap::getNode (148 bytes)
Event: 1.231 Thread 0xb6283400 nmethod 117 0xb422d408 code [0xb422d520, 0xb422d79c]

GC Heap History (2 events):
Event: 1.122 GC heap before
{Heap before GC invocations=0 (full 0):
 def new generation   total 4864K, used 4352K [0xa4600000, 0xa4b40000, 0xa9940000)
  eden space 4352K, 100% used [0xa4600000, 0xa4a40000, 0xa4a40000)
  from space 512K,   0% used [0xa4a40000, 0xa4a40000, 0xa4ac0000)
  to   space 512K,   0% used [0xa4ac0000, 0xa4ac0000, 0xa4b40000)
 tenured generation   total 11008K, used 0K [0xa9940000, 0xaa400000, 0xb4000000)
   the space 11008K,   0% used [0xa9940000, 0xa9940000, 0xa9940200, 0xaa400000)
 Metaspace       used 2999K, capacity 3204K, committed 3224K, reserved 4400K
Event: 1.143 GC heap after
Heap after GC invocations=1 (full 0):
 def new generation   total 4864K, used 512K [0xa4600000, 0xa4b40000, 0xa9940000)
  eden space 4352K,   0% used [0xa4600000, 0xa4600000, 0xa4a40000)
  from space 512K, 100% used [0xa4ac0000, 0xa4b40000, 0xa4b40000)
  to   space 512K,   0% used [0xa4a40000, 0xa4a40000, 0xa4ac0000)
 tenured generation   total 11008K, used 665K [0xa9940000, 0xaa400000, 0xb4000000)
   the space 11008K,   6% used [0xa9940000, 0xa99e6640, 0xa99e6800, 0xaa400000)
 Metaspace       used 2999K, capacity 3204K, committed 3224K, reserved 4400K
}

Deoptimization events (0 events):
No events

Classes redefined (0 events):
No events

Internal exceptions (9 events):
Event: 0.124 Thread 0xb6209400 Exception <a 'java/lang/NoSuchMethodError': Method sun.misc.Unsafe.defineClass(Ljava/lang/String;[BII)Ljava/lang/Class; name or signature does not match> (0xa4606ea0) thrown at [/HUDSON/workspace/8-2-build-glinux-arm-vfp-hflt/jdk8u191/11896/hotspot/src/sh
Event: 0.125 Thread 0xb6209400 Exception <a 'java/lang/NoSuchMethodError': Method sun.misc.Unsafe.prefetchRead(Ljava/lang/Object;J)V name or signature does not match> (0xa4607170) thrown at [/HUDSON/workspace/8-2-build-glinux-arm-vfp-hflt/jdk8u191/11896/hotspot/src/share/vm/prims/jni.c
Event: 0.696 Thread 0xb6209400 Exception <a 'java/lang/NoSuchFieldError': method resolution failed> (0xa4785068) thrown at [/HUDSON/workspace/8-2-build-glinux-arm-vfp-hflt/jdk8u191/11896/hotspot/src/share/vm/prims/methodHandles.cpp, line 1167]
Event: 0.707 Thread 0xb6209400 Exception <a 'java/lang/NoSuchFieldError': method resolution failed> (0xa47911b8) thrown at [/HUDSON/workspace/8-2-build-glinux-arm-vfp-hflt/jdk8u191/11896/hotspot/src/share/vm/prims/methodHandles.cpp, line 1167]
Event: 0.812 Thread 0xb6209400 Exception <a 'java/security/PrivilegedActionException'> (0xa480f8a8) thrown at [/HUDSON/workspace/8-2-build-glinux-arm-vfp-hflt/jdk8u191/11896/hotspot/src/share/vm/prims/jvm.cpp, line 1435]
Event: 0.812 Thread 0xb6209400 Exception <a 'java/security/PrivilegedActionException'> (0xa480faa8) thrown at [/HUDSON/workspace/8-2-build-glinux-arm-vfp-hflt/jdk8u191/11896/hotspot/src/share/vm/prims/jvm.cpp, line 1435]
Event: 0.814 Thread 0xb6209400 Exception <a 'java/security/PrivilegedActionException'> (0xa4811cb0) thrown at [/HUDSON/workspace/8-2-build-glinux-arm-vfp-hflt/jdk8u191/11896/hotspot/src/share/vm/prims/jvm.cpp, line 1435]
Event: 0.814 Thread 0xb6209400 Exception <a 'java/security/PrivilegedActionException'> (0xa4811eb0) thrown at [/HUDSON/workspace/8-2-build-glinux-arm-vfp-hflt/jdk8u191/11896/hotspot/src/share/vm/prims/jvm.cpp, line 1435]
Event: 0.815 Thread 0xb6209400 Exception <a 'java/lang/NullPointerException'> (0xa4812418) thrown at [/HUDSON/workspace/8-2-build-glinux-arm-vfp-hflt/jdk8u191/11896/hotspot/src/share/vm/interpreter/linkResolver.cpp, line 1185]

Events (10 events):
Event: 1.252 loading class com/sun/glass/ui/monocle/LinuxSystem
Event: 1.252 loading class com/sun/glass/ui/monocle/LinuxSystem done
Event: 1.257 loading class com/sun/glass/ui/monocle/AcceleratedScreen
Event: 1.257 loading class com/sun/glass/ui/monocle/AcceleratedScreen done
Event: 1.260 loading class java/util/concurrent/Executors$FinalizableDelegatedExecutorService
Event: 1.260 loading class java/util/concurrent/Executors$DelegatedExecutorService
Event: 1.260 loading class java/util/concurrent/Executors$DelegatedExecutorService done
Event: 1.260 loading class java/util/concurrent/Executors$FinalizableDelegatedExecutorService done
Event: 1.261 loading class com/sun/glass/ui/monocle/EGL
Event: 1.261 loading class com/sun/glass/ui/monocle/EGL done


Dynamic libraries:
00008000-00009000 r-xp 00000000 b3:02 269718     /usr/lib/jvm/java-8-oracle/jre/bin/java
00010000-00011000 rw-p 00000000 b3:02 269718     /usr/lib/jvm/java-8-oracle/jre/bin/java
00f9e000-00fbf000 rw-p 00000000 00:00 0          [heap]
9f790000-9f7b1000 rw-p 00000000 00:00 0 
9f7b1000-9f7c3000 r-xp 00000000 b3:02 392216     /lib/arm-linux-gnueabihf/libbsd.so.0.8.2
9f7c3000-9f7d2000 ---p 00012000 b3:02 392216     /lib/arm-linux-gnueabihf/libbsd.so.0.8.2
9f7d2000-9f7d3000 r--p 00011000 b3:02 392216     /lib/arm-linux-gnueabihf/libbsd.so.0.8.2
9f7d3000-9f7d4000 rw-p 00012000 b3:02 392216     /lib/arm-linux-gnueabihf/libbsd.so.0.8.2
9f7d4000-9f7ec000 r-xp 00000000 b3:02 392307     /lib/arm-linux-gnueabihf/libtinfo.so.5.9
9f7ec000-9f7fb000 ---p 00018000 b3:02 392307     /lib/arm-linux-gnueabihf/libtinfo.so.5.9
9f7fb000-9f7fd000 r--p 00017000 b3:02 392307     /lib/arm-linux-gnueabihf/libtinfo.so.5.9
9f7fd000-9f7fe000 rw-p 00019000 b3:02 392307     /lib/arm-linux-gnueabihf/libtinfo.so.5.9
9f7fe000-9f81c000 r-xp 00000000 b3:02 140886     /usr/lib/arm-linux-gnueabihf/libedit.so.2.0.53
9f81c000-9f82c000 ---p 0001e000 b3:02 140886     /usr/lib/arm-linux-gnueabihf/libedit.so.2.0.53
9f82c000-9f82d000 r--p 0001e000 b3:02 140886     /usr/lib/arm-linux-gnueabihf/libedit.so.2.0.53
9f82d000-9f82e000 rw-p 0001f000 b3:02 140886     /usr/lib/arm-linux-gnueabihf/libedit.so.2.0.53
9f82e000-9f830000 rw-p 00000000 00:00 0 
9f830000-a1f31000 r-xp 00000000 b3:02 140710     /usr/lib/arm-linux-gnueabihf/libLLVM-6.0.so.1
a1f31000-a21f3000 r--p 02700000 b3:02 140710     /usr/lib/arm-linux-gnueabihf/libLLVM-6.0.so.1
a21f3000-a2204000 rw-p 029c2000 b3:02 140710     /usr/lib/arm-linux-gnueabihf/libLLVM-6.0.so.1
a2204000-a223b000 rw-p 00000000 00:00 0 
a223b000-a224a000 r-xp 00000000 b3:02 140889     /usr/lib/arm-linux-gnueabihf/libelf-0.165.so
a224a000-a2259000 ---p 0000f000 b3:02 140889     /usr/lib/arm-linux-gnueabihf/libelf-0.165.so
a2259000-a225a000 r--p 0000e000 b3:02 140889     /usr/lib/arm-linux-gnueabihf/libelf-0.165.so
a225a000-a225b000 rw-p 0000f000 b3:02 140889     /usr/lib/arm-linux-gnueabihf/libelf-0.165.so
a225b000-a225e000 r-xp 00000000 b3:02 140868     /usr/lib/arm-linux-gnueabihf/libdrm_etnaviv.so.1.0.0
a225e000-a226d000 ---p 00003000 b3:02 140868     /usr/lib/arm-linux-gnueabihf/libdrm_etnaviv.so.1.0.0
a226d000-a226e000 r--p 00002000 b3:02 140868     /usr/lib/arm-linux-gnueabihf/libdrm_etnaviv.so.1.0.0
a226e000-a226f000 rw-p 00003000 b3:02 140868     /usr/lib/arm-linux-gnueabihf/libdrm_etnaviv.so.1.0.0
a226f000-a2275000 r-xp 00000000 b3:02 140872     /usr/lib/arm-linux-gnueabihf/libdrm_freedreno.so.1.0.0
a2275000-a2284000 ---p 00006000 b3:02 140872     /usr/lib/arm-linux-gnueabihf/libdrm_freedreno.so.1.0.0
a2284000-a2285000 r--p 00005000 b3:02 140872     /usr/lib/arm-linux-gnueabihf/libdrm_freedreno.so.1.0.0
a2285000-a2286000 rw-p 00006000 b3:02 140872     /usr/lib/arm-linux-gnueabihf/libdrm_freedreno.so.1.0.0
a2286000-a228c000 r-xp 00000000 b3:02 140866     /usr/lib/arm-linux-gnueabihf/libdrm_amdgpu.so.1.0.0
a228c000-a229b000 ---p 00006000 b3:02 140866     /usr/lib/arm-linux-gnueabihf/libdrm_amdgpu.so.1.0.0
a229b000-a229c000 r--p 00005000 b3:02 140866     /usr/lib/arm-linux-gnueabihf/libdrm_amdgpu.so.1.0.0
a229c000-a229d000 rw-p 00006000 b3:02 140866     /usr/lib/arm-linux-gnueabihf/libdrm_amdgpu.so.1.0.0
a229d000-a22a4000 r-xp 00000000 b3:02 140878     /usr/lib/arm-linux-gnueabihf/libdrm_radeon.so.1.0.1
a22a4000-a22b3000 ---p 00007000 b3:02 140878     /usr/lib/arm-linux-gnueabihf/libdrm_radeon.so.1.0.1
a22b3000-a22b4000 r--p 00006000 b3:02 140878     /usr/lib/arm-linux-gnueabihf/libdrm_radeon.so.1.0.1
a22b4000-a22b5000 rw-p 00007000 b3:02 140878     /usr/lib/arm-linux-gnueabihf/libdrm_radeon.so.1.0.1
a22b5000-a22ba000 r-xp 00000000 b3:02 140874     /usr/lib/arm-linux-gnueabihf/libdrm_nouveau.so.2.0.0
a22ba000-a22c9000 ---p 00005000 b3:02 140874     /usr/lib/arm-linux-gnueabihf/libdrm_nouveau.so.2.0.0
a22c9000-a22ca000 r--p 00004000 b3:02 140874     /usr/lib/arm-linux-gnueabihf/libdrm_nouveau.so.2.0.0
a22ca000-a22cb000 rw-p 00005000 b3:02 140874     /usr/lib/arm-linux-gnueabihf/libdrm_nouveau.so.2.0.0
a22cb000-a22d5000 r-xp 00000000 b3:02 141281     /usr/lib/arm-linux-gnueabihf/libsensors.so.4.4.0
a22d5000-a22e4000 ---p 0000a000 b3:02 141281     /usr/lib/arm-linux-gnueabihf/libsensors.so.4.4.0
a22e4000-a22e5000 r--p 00009000 b3:02 141281     /usr/lib/arm-linux-gnueabihf/libsensors.so.4.4.0
a22e5000-a22e6000 rw-p 0000a000 b3:02 141281     /usr/lib/arm-linux-gnueabihf/libsensors.so.4.4.0
a22e6000-a2a11000 r-xp 00000000 b3:02 141888     /usr/lib/arm-linux-gnueabihf/dri/imx-drm_dri.so
a2a11000-a2a20000 ---p 0072b000 b3:02 141888     /usr/lib/arm-linux-gnueabihf/dri/imx-drm_dri.so
a2a20000-a2a58000 r--p 0072a000 b3:02 141888     /usr/lib/arm-linux-gnueabihf/dri/imx-drm_dri.so
a2a58000-a2a62000 rw-p 00762000 b3:02 141888     /usr/lib/arm-linux-gnueabihf/dri/imx-drm_dri.so
a2a62000-a2c57000 rw-p 00000000 00:00 0 
a2c57000-a2c5c000 r-xp 00000000 b3:02 141339     /usr/lib/arm-linux-gnueabihf/liburcu-bp.so.4.0.0
a2c5c000-a2c6b000 ---p 00005000 b3:02 141339     /usr/lib/arm-linux-gnueabihf/liburcu-bp.so.4.0.0
a2c6b000-a2c6c000 r--p 00004000 b3:02 141339     /usr/lib/arm-linux-gnueabihf/liburcu-bp.so.4.0.0
a2c6c000-a2c6d000 rw-p 00005000 b3:02 141339     /usr/lib/arm-linux-gnueabihf/liburcu-bp.so.4.0.0
a2c6d000-a2c73000 r-xp 00000000 b3:02 141141     /usr/lib/arm-linux-gnueabihf/liblttng-ust-tracepoint.so.0.0.0
a2c73000-a2c82000 ---p 00006000 b3:02 141141     /usr/lib/arm-linux-gnueabihf/liblttng-ust-tracepoint.so.0.0.0
a2c82000-a2c83000 r--p 00005000 b3:02 141141     /usr/lib/arm-linux-gnueabihf/liblttng-ust-tracepoint.so.0.0.0
a2c83000-a2c84000 rw-p 00006000 b3:02 141141     /usr/lib/arm-linux-gnueabihf/liblttng-ust-tracepoint.so.0.0.0
a2c84000-a2c8c000 rw-p 00000000 00:00 0 
a2c8c000-a2ca6000 r-xp 00000000 b3:02 141112     /usr/lib/arm-linux-gnueabihf/libkj-0.5.3.so
a2ca6000-a2cb5000 ---p 0001a000 b3:02 141112     /usr/lib/arm-linux-gnueabihf/libkj-0.5.3.so
a2cb5000-a2cb6000 r--p 00019000 b3:02 141112     /usr/lib/arm-linux-gnueabihf/libkj-0.5.3.so
a2cb6000-a2cb7000 rw-p 0001a000 b3:02 141112     /usr/lib/arm-linux-gnueabihf/libkj-0.5.3.so
a2cb7000-a2cc7000 r-xp 00000000 b3:02 140806     /usr/lib/arm-linux-gnueabihf/libboost_filesystem.so.1.58.0
a2cc7000-a2cd6000 ---p 00010000 b3:02 140806     /usr/lib/arm-linux-gnueabihf/libboost_filesystem.so.1.58.0
a2cd6000-a2cd7000 r--p 0000f000 b3:02 140806     /usr/lib/arm-linux-gnueabihf/libboost_filesystem.so.1.58.0
a2cd7000-a2cd8000 rw-p 00010000 b3:02 140806     /usr/lib/arm-linux-gnueabihf/libboost_filesystem.so.1.58.0
a2cd8000-a2cf9000 r-xp 00000000 b3:02 141240     /usr/lib/arm-linux-gnueabihf/libprotobuf-lite.so.9.0.1
a2cf9000-a2d08000 ---p 00021000 b3:02 141240     /usr/lib/arm-linux-gnueabihf/libprotobuf-lite.so.9.0.1
a2d08000-a2d09000 r--p 00020000 b3:02 141240     /usr/lib/arm-linux-gnueabihf/libprotobuf-lite.so.9.0.1
a2d09000-a2d0a000 rw-p 00021000 b3:02 141240     /usr/lib/arm-linux-gnueabihf/libprotobuf-lite.so.9.0.1
a2d0a000-a2d0c000 r-xp 00000000 b3:02 140807     /usr/lib/arm-linux-gnueabihf/libboost_system.so.1.58.0
a2d0c000-a2d1b000 ---p 00002000 b3:02 140807     /usr/lib/arm-linux-gnueabihf/libboost_system.so.1.58.0
a2d1b000-a2d1c000 r--p 00001000 b3:02 140807     /usr/lib/arm-linux-gnueabihf/libboost_system.so.1.58.0
a2d1c000-a2d1d000 rw-p 00002000 b3:02 140807     /usr/lib/arm-linux-gnueabihf/libboost_system.so.1.58.0
a2d1d000-a2d22000 r-xp 00000000 b3:02 141157     /usr/lib/arm-linux-gnueabihf/libmircore.so.1
a2d22000-a2d31000 ---p 00005000 b3:02 141157     /usr/lib/arm-linux-gnueabihf/libmircore.so.1
a2d31000-a2d32000 r--p 00004000 b3:02 141157     /usr/lib/arm-linux-gnueabihf/libmircore.so.1
a2d32000-a2d33000 rw-p 00005000 b3:02 141157     /usr/lib/arm-linux-gnueabihf/libmircore.so.1
a2d33000-a2d91000 r-xp 00000000 b3:02 140826     /usr/lib/arm-linux-gnueabihf/libcapnp-0.5.3.so
a2d91000-a2da0000 ---p 0005e000 b3:02 140826     /usr/lib/arm-linux-gnueabihf/libcapnp-0.5.3.so
a2da0000-a2da2000 r--p 0005d000 b3:02 140826     /usr/lib/arm-linux-gnueabihf/libcapnp-0.5.3.so
a2da2000-a2da3000 rw-p 0005f000 b3:02 140826     /usr/lib/arm-linux-gnueabihf/libcapnp-0.5.3.so
a2da3000-a2deb000 r-xp 00000000 b3:02 141158     /usr/lib/arm-linux-gnueabihf/libmirprotobuf.so.3
a2deb000-a2dfb000 ---p 00048000 b3:02 141158     /usr/lib/arm-linux-gnueabihf/libmirprotobuf.so.3
a2dfb000-a2dfc000 r--p 00048000 b3:02 141158     /usr/lib/arm-linux-gnueabihf/libmirprotobuf.so.3
a2dfc000-a2dfd000 rw-p 00049000 b3:02 141158     /usr/lib/arm-linux-gnueabihf/libmirprotobuf.so.3
a2dfd000-a2e28000 r-xp 00000000 b3:02 141155     /usr/lib/arm-linux-gnueabihf/libmircommon.so.7
a2e28000-a2e38000 ---p 0002b000 b3:02 141155     /usr/lib/arm-linux-gnueabihf/libmircommon.so.7
a2e38000-a2e39000 r--p 0002b000 b3:02 141155     /usr/lib/arm-linux-gnueabihf/libmircommon.so.7
a2e39000-a2e3a000 rw-p 0002c000 b3:02 141155     /usr/lib/arm-linux-gnueabihf/libmircommon.so.7
a2e3a000-a2e68000 r-xp 00000000 b3:02 141413     /usr/lib/arm-linux-gnueabihf/libxkbcommon.so.0.0.0
a2e68000-a2e77000 ---p 0002e000 b3:02 141413     /usr/lib/arm-linux-gnueabihf/libxkbcommon.so.0.0.0
a2e77000-a2e78000 r--p 0002d000 b3:02 141413     /usr/lib/arm-linux-gnueabihf/libxkbcommon.so.0.0.0
a2e78000-a2e79000 rw-p 0002e000 b3:02 141413     /usr/lib/arm-linux-gnueabihf/libxkbcommon.so.0.0.0
a2e79000-a2e7e000 r-xp 00000000 b3:02 140903     /usr/lib/arm-linux-gnueabihf/libffi.so.6.0.4
a2e7e000-a2e8d000 ---p 00005000 b3:02 140903     /usr/lib/arm-linux-gnueabihf/libffi.so.6.0.4
a2e8d000-a2e8e000 r--p 00004000 b3:02 140903     /usr/lib/arm-linux-gnueabihf/libffi.so.6.0.4
a2e8e000-a2e8f000 rw-p 00005000 b3:02 140903     /usr/lib/arm-linux-gnueabihf/libffi.so.6.0.4
a2e8f000-a2e92000 r-xp 00000000 b3:02 140736     /usr/lib/arm-linux-gnueabihf/libXdmcp.so.6.0.0
a2e92000-a2ea1000 ---p 00003000 b3:02 140736     /usr/lib/arm-linux-gnueabihf/libXdmcp.so.6.0.0
a2ea1000-a2ea2000 r--p 00002000 b3:02 140736     /usr/lib/arm-linux-gnueabihf/libXdmcp.so.6.0.0
a2ea2000-a2ea3000 rw-p 00003000 b3:02 140736     /usr/lib/arm-linux-gnueabihf/libXdmcp.so.6.0.0
a2ea3000-a2ead000 r-xp 00000000 b3:02 140864     /usr/lib/arm-linux-gnueabihf/libdrm.so.2.4.0
a2ead000-a2ebc000 ---p 0000a000 b3:02 140864     /usr/lib/arm-linux-gnueabihf/libdrm.so.2.4.0
a2ebc000-a2ebd000 r--p 00009000 b3:02 140864     /usr/lib/arm-linux-gnueabihf/libdrm.so.2.4.0
a2ebd000-a2ebe000 rw-p 0000a000 b3:02 140864     /usr/lib/arm-linux-gnueabihf/libdrm.so.2.4.0
a2ebe000-a2ed4000 r-xp 00000000 b3:02 392231     /lib/arm-linux-gnueabihf/libexpat.so.1.6.0
a2ed4000-a2ee3000 ---p 00016000 b3:02 392231     /lib/arm-linux-gnueabihf/libexpat.so.1.6.0
a2ee3000-a2ee5000 r--p 00015000 b3:02 392231     /lib/arm-linux-gnueabihf/libexpat.so.1.6.0
a2ee5000-a2ee6000 rw-p 00017000 b3:02 392231     /lib/arm-linux-gnueabihf/libexpat.so.1.6.0
a2ee6000-a2f4b000 r-xp 00000000 b3:02 141154     /usr/lib/arm-linux-gnueabihf/libmirclient.so.9
a2f4b000-a2f5b000 ---p 00065000 b3:02 141154     /usr/lib/arm-linux-gnueabihf/libmirclient.so.9
a2f5b000-a2f5e000 r--p 00065000 b3:02 141154     /usr/lib/arm-linux-gnueabihf/libmirclient.so.9
a2f5e000-a2f5f000 rw-p 00068000 b3:02 141154     /usr/lib/arm-linux-gnueabihf/libmirclient.so.9
a2f5f000-a2f68000 r-xp 00000000 b3:02 141379     /usr/lib/arm-linux-gnueabihf/libwayland-server.so.0.1.0
a2f68000-a2f78000 ---p 00009000 b3:02 141379     /usr/lib/arm-linux-gnueabihf/libwayland-server.so.0.1.0
a2f78000-a2f79000 r--p 00009000 b3:02 141379     /usr/lib/arm-linux-gnueabihf/libwayland-server.so.0.1.0
a2f79000-a2f7a000 rw-p 0000a000 b3:02 141379     /usr/lib/arm-linux-gnueabihf/libwayland-server.so.0.1.0
a2f7a000-a2f8b000 r-xp 00000000 b3:02 392316     /lib/arm-linux-gnueabihf/libz.so.1.2.8
a2f8b000-a2f9a000 ---p 00011000 b3:02 392316     /lib/arm-linux-gnueabihf/libz.so.1.2.8
a2f9a000-a2f9b000 r--p 00010000 b3:02 392316     /lib/arm-linux-gnueabihf/libz.so.1.2.8
a2f9b000-a2f9c000 rw-p 00011000 b3:02 392316     /lib/arm-linux-gnueabihf/libz.so.1.2.8
a2f9c000-a2fa5000 r-xp 00000000 b3:02 140931     /usr/lib/arm-linux-gnueabihf/libgbm.so.1.0.0
a2fa5000-a2fb4000 ---p 00009000 b3:02 140931     /usr/lib/arm-linux-gnueabihf/libgbm.so.1.0.0
a2fb4000-a2fb5000 r--p 00008000 b3:02 140931     /usr/lib/arm-linux-gnueabihf/libgbm.so.1.0.0
a2fb5000-a2fb6000 rw-p 00009000 b3:02 140931     /usr/lib/arm-linux-gnueabihf/libgbm.so.1.0.0
a2fb6000-a2fbd000 r-xp 00000000 b3:02 141374     /usr/lib/arm-linux-gnueabihf/libwayland-client.so.0.3.0
a2fbd000-a2fcc000 ---p 00007000 b3:02 141374     /usr/lib/arm-linux-gnueabihf/libwayland-client.so.0.3.0
a2fcc000-a2fcd000 r--p 00006000 b3:02 141374     /usr/lib/arm-linux-gnueabihf/libwayland-client.so.0.3.0
a2fcd000-a2fce000 rw-p 00007000 b3:02 141374     /usr/lib/arm-linux-gnueabihf/libwayland-client.so.0.3.0
a2fce000-a2fe1000 r-xp 00000000 b3:02 141411     /usr/lib/arm-linux-gnueabihf/libxcb.so.1.1.0
a2fe1000-a2ff0000 ---p 00013000 b3:02 141411     /usr/lib/arm-linux-gnueabihf/libxcb.so.1.1.0
a2ff0000-a2ff1000 r--p 00012000 b3:02 141411     /usr/lib/arm-linux-gnueabihf/libxcb.so.1.1.0
a2ff1000-a2ff2000 rw-p 00013000 b3:02 141411     /usr/lib/arm-linux-gnueabihf/libxcb.so.1.1.0
a2ff2000-a30e8000 r-xp 00000000 b3:02 134087     /usr/lib/arm-linux-gnueabihf/libstdc++.so.6.0.21
a30e8000-a30f7000 ---p 000f6000 b3:02 134087     /usr/lib/arm-linux-gnueabihf/libstdc++.so.6.0.21
a30f7000-a30fc000 r--p 000f5000 b3:02 134087     /usr/lib/arm-linux-gnueabihf/libstdc++.so.6.0.21
a30fc000-a30fe000 rw-p 000fa000 b3:02 134087     /usr/lib/arm-linux-gnueabihf/libstdc++.so.6.0.21
a30fe000-a3100000 rw-p 00000000 00:00 0 
a3100000-a3196000 rw-p 00000000 00:00 0 
a3196000-a3200000 ---p 00000000 00:00 0 
a320a000-a320b000 r-xp 00000000 b3:02 141418     /usr/lib/arm-linux-gnueabihf/libxshmfence.so.1.0.0
a320b000-a321a000 ---p 00001000 b3:02 141418     /usr/lib/arm-linux-gnueabihf/libxshmfence.so.1.0.0
a321a000-a321b000 r--p 00000000 b3:02 141418     /usr/lib/arm-linux-gnueabihf/libxshmfence.so.1.0.0
a321b000-a321c000 rw-p 00001000 b3:02 141418     /usr/lib/arm-linux-gnueabihf/libxshmfence.so.1.0.0
a321c000-a321f000 r-xp 00000000 b3:02 141406     /usr/lib/arm-linux-gnueabihf/libxcb-sync.so.1.0.0
a321f000-a322f000 ---p 00003000 b3:02 141406     /usr/lib/arm-linux-gnueabihf/libxcb-sync.so.1.0.0
a322f000-a3230000 r--p 00003000 b3:02 141406     /usr/lib/arm-linux-gnueabihf/libxcb-sync.so.1.0.0
a3230000-a3231000 rw-p 00004000 b3:02 141406     /usr/lib/arm-linux-gnueabihf/libxcb-sync.so.1.0.0
a3231000-a3235000 r-xp 00000000 b3:02 141409     /usr/lib/arm-linux-gnueabihf/libxcb-xfixes.so.0.0.0
a3235000-a3244000 ---p 00004000 b3:02 141409     /usr/lib/arm-linux-gnueabihf/libxcb-xfixes.so.0.0.0
a3244000-a3245000 r--p 00003000 b3:02 141409     /usr/lib/arm-linux-gnueabihf/libxcb-xfixes.so.0.0.0
a3245000-a3246000 rw-p 00004000 b3:02 141409     /usr/lib/arm-linux-gnueabihf/libxcb-xfixes.so.0.0.0
a3246000-a3247000 r-xp 00000000 b3:02 141396     /usr/lib/arm-linux-gnueabihf/libxcb-present.so.0.0.0
a3247000-a3257000 ---p 00001000 b3:02 141396     /usr/lib/arm-linux-gnueabihf/libxcb-present.so.0.0.0
a3257000-a3258000 r--p 00001000 b3:02 141396     /usr/lib/arm-linux-gnueabihf/libxcb-present.so.0.0.0
a3258000-a3259000 rw-p 00002000 b3:02 141396     /usr/lib/arm-linux-gnueabihf/libxcb-present.so.0.0.0
a3259000-a327a000 r-xp 00000000 b3:02 142752     /usr/lib/arm-linux-gnueabihf/mesa-egl/libEGL.so.1.0.0
a327a000-a328a000 ---p 00021000 b3:02 142752     /usr/lib/arm-linux-gnueabihf/mesa-egl/libEGL.so.1.0.0
a328a000-a328b000 r--p 00021000 b3:02 142752     /usr/lib/arm-linux-gnueabihf/mesa-egl/libEGL.so.1.0.0
a328b000-a328c000 rw-p 00022000 b3:02 142752     /usr/lib/arm-linux-gnueabihf/mesa-egl/libEGL.so.1.0.0
a328c000-a32ad000 r-xp 00000000 b3:02 140954     /usr/lib/arm-linux-gnueabihf/libglapi.so.0.0.0
a32ad000-a32bc000 ---p 00021000 b3:02 140954     /usr/lib/arm-linux-gnueabihf/libglapi.so.0.0.0
a32bc000-a32c0000 r--p 00020000 b3:02 140954     /usr/lib/arm-linux-gnueabihf/libglapi.so.0.0.0
a32c0000-a32c1000 rw-p 00024000 b3:02 140954     /usr/lib/arm-linux-gnueabihf/libglapi.so.0.0.0
a32c1000-a336b000 r--s 00974000 00:24 25951      /tmp/xact/XMTouchscreen.jar
a336b000-a3400000 r--s 008d6000 b3:02 269845     /usr/lib/jvm/java-8-oracle/jre/lib/ext/jfxrt.jar
a3400000-a3483000 rw-p 00000000 00:00 0 
a3483000-a3500000 ---p 00000000 00:00 0 
a3504000-a3505000 r-xp 00000000 b3:02 141392     /usr/lib/arm-linux-gnueabihf/libxcb-dri3.so.0.0.0
a3505000-a3515000 ---p 00001000 b3:02 141392     /usr/lib/arm-linux-gnueabihf/libxcb-dri3.so.0.0.0
a3515000-a3516000 r--p 00001000 b3:02 141392     /usr/lib/arm-linux-gnueabihf/libxcb-dri3.so.0.0.0
a3516000-a3517000 rw-p 00002000 b3:02 141392     /usr/lib/arm-linux-gnueabihf/libxcb-dri3.so.0.0.0
a3517000-a351e000 r-xp 00000000 b3:02 142757     /usr/lib/arm-linux-gnueabihf/mesa-egl/libGLESv2.so.2.0.0
a351e000-a352e000 ---p 00007000 b3:02 142757     /usr/lib/arm-linux-gnueabihf/mesa-egl/libGLESv2.so.2.0.0
a352e000-a352f000 r--p 00007000 b3:02 142757     /usr/lib/arm-linux-gnueabihf/mesa-egl/libGLESv2.so.2.0.0
a352f000-a3530000 rw-p 00008000 b3:02 142757     /usr/lib/arm-linux-gnueabihf/mesa-egl/libGLESv2.so.2.0.0
a3530000-a3533000 ---p 00000000 00:00 0 
a3533000-a3580000 rw-p 00000000 00:00 0 
a3580000-a3581000 ---p 00000000 00:00 0 
a3581000-a3600000 rw-p 00000000 00:00 0 
a3600000-a36c2000 rw-p 00000000 00:00 0 
a36c2000-a3700000 ---p 00000000 00:00 0 
a3706000-a3707000 r-xp 00000000 b3:02 140722     /usr/lib/arm-linux-gnueabihf/libX11-xcb.so.1.0.0
a3707000-a3716000 ---p 00001000 b3:02 140722     /usr/lib/arm-linux-gnueabihf/libX11-xcb.so.1.0.0
a3716000-a3717000 r--p 00000000 b3:02 140722     /usr/lib/arm-linux-gnueabihf/libX11-xcb.so.1.0.0
a3717000-a3718000 rw-p 00001000 b3:02 140722     /usr/lib/arm-linux-gnueabihf/libX11-xcb.so.1.0.0
a3730000-a3733000 ---p 00000000 00:00 0 
a3733000-a3780000 rw-p 00000000 00:00 0 
a3780000-a3783000 ---p 00000000 00:00 0 
a3783000-a3800000 rw-p 00000000 00:00 0 
a3800000-a3821000 rw-p 00000000 00:00 0 
a3821000-a3900000 ---p 00000000 00:00 0 
a3902000-a3904000 r-xp 00000000 b3:02 141390     /usr/lib/arm-linux-gnueabihf/libxcb-dri2.so.0.0.0
a3904000-a3914000 ---p 00002000 b3:02 141390     /usr/lib/arm-linux-gnueabihf/libxcb-dri2.so.0.0.0
a3914000-a3915000 r--p 00002000 b3:02 141390     /usr/lib/arm-linux-gnueabihf/libxcb-dri2.so.0.0.0
a3915000-a3916000 rw-p 00003000 b3:02 141390     /usr/lib/arm-linux-gnueabihf/libxcb-dri2.so.0.0.0
a3916000-a3919000 ---p 00000000 00:00 0 
a3919000-a3966000 rw-p 00000000 00:00 0 
a3966000-a3b00000 r--p 00000000 b3:02 146107     /usr/lib/locale/locale-archive
a3b00000-a3b21000 rw-p 00000000 00:00 0 
a3b21000-a3c00000 ---p 00000000 00:00 0 
a3c00000-a3c21000 rw-p 00000000 00:00 0 
a3c21000-a3d00000 ---p 00000000 00:00 0 
a3d00000-a3d21000 rw-p 00000000 00:00 0 
a3d21000-a3e00000 ---p 00000000 00:00 0 
a3e05000-a3e07000 r-xp 00000000 b3:02 140727     /usr/lib/arm-linux-gnueabihf/libXau.so.6.0.0
a3e07000-a3e0e000 ---p 00002000 b3:02 140727     /usr/lib/arm-linux-gnueabihf/libXau.so.6.0.0
a3e0e000-a3e0f000 r--p 00001000 b3:02 140727     /usr/lib/arm-linux-gnueabihf/libXau.so.6.0.0
a3e0f000-a3e10000 rw-p 00002000 b3:02 140727     /usr/lib/arm-linux-gnueabihf/libXau.so.6.0.0
a3e10000-a3e13000 ---p 00000000 00:00 0 
a3e13000-a3e60000 rw-p 00000000 00:00 0 
a3e60000-a3e63000 ---p 00000000 00:00 0 
a3e63000-a3eb0000 rw-p 00000000 00:00 0 
a3eb0000-a3eb1000 ---p 00000000 00:00 0 
a3eb1000-a3f7f000 rw-p 00000000 00:00 0 
a3f7f000-a4159000 r--s 03d6c000 b3:02 269769     /usr/lib/jvm/java-8-oracle/jre/lib/rt.jar
a4159000-a451a000 rw-p 00000000 00:00 0 
a451a000-a4600000 ---p 00000000 00:00 0 
a4600000-a4b40000 rw-p 00000000 00:00 0 
a4b40000-a9940000 ---p 00000000 00:00 0 
a9940000-aa400000 rw-p 00000000 00:00 0 
aa400000-b4000000 ---p 00000000 00:00 0 
b4008000-b4011000 r-xp 00000000 b3:02 269784     /usr/lib/jvm/java-8-oracle/jre/lib/arm/libglass_monocle.so
b4011000-b4020000 ---p 00009000 b3:02 269784     /usr/lib/jvm/java-8-oracle/jre/lib/arm/libglass_monocle.so
b4020000-b4021000 r--p 00008000 b3:02 269784     /usr/lib/jvm/java-8-oracle/jre/lib/arm/libglass_monocle.so
b4021000-b4022000 rw-p 00009000 b3:02 269784     /usr/lib/jvm/java-8-oracle/jre/lib/arm/libglass_monocle.so
b4022000-b4028000 rw-p 00000000 00:00 0 
b4028000-b4076000 ---p 00000000 00:00 0 
b4076000-b4079000 rw-p 00000000 00:00 0 
b4079000-b409f000 ---p 00000000 00:00 0 
b409f000-b40a5000 rw-p 00000000 00:00 0 
b40a5000-b40f3000 ---p 00000000 00:00 0 
b40f3000-b40f7000 rw-p 00000000 00:00 0 
b40f7000-b4174000 ---p 00000000 00:00 0 
b4174000-b4234000 rwxp 00000000 00:00 0 
b4234000-b6174000 ---p 00000000 00:00 0 
b6174000-b618c000 r-xp 00000000 b3:02 269830     /usr/lib/jvm/java-8-oracle/jre/lib/arm/libzip.so
b618c000-b6193000 ---p 00018000 b3:02 269830     /usr/lib/jvm/java-8-oracle/jre/lib/arm/libzip.so
b6193000-b6194000 rw-p 00017000 b3:02 269830     /usr/lib/jvm/java-8-oracle/jre/lib/arm/libzip.so
b6194000-b619b000 r-xp 00000000 b3:02 392266     /lib/arm-linux-gnueabihf/libnss_files-2.23.so
b619b000-b61aa000 ---p 00007000 b3:02 392266     /lib/arm-linux-gnueabihf/libnss_files-2.23.so
b61aa000-b61ab000 r--p 00006000 b3:02 392266     /lib/arm-linux-gnueabihf/libnss_files-2.23.so
b61ab000-b61ac000 rw-p 00007000 b3:02 392266     /lib/arm-linux-gnueabihf/libnss_files-2.23.so
b61ac000-b61b2000 rw-p 00000000 00:00 0 
b61b2000-b61b9000 r-xp 00000000 b3:02 392268     /lib/arm-linux-gnueabihf/libnss_nis-2.23.so
b61b9000-b61c8000 ---p 00007000 b3:02 392268     /lib/arm-linux-gnueabihf/libnss_nis-2.23.so
b61c8000-b61c9000 r--p 00006000 b3:02 392268     /lib/arm-linux-gnueabihf/libnss_nis-2.23.so
b61c9000-b61ca000 rw-p 00007000 b3:02 392268     /lib/arm-linux-gnueabihf/libnss_nis-2.23.so
b61ca000-b61d7000 r-xp 00000000 b3:02 392263     /lib/arm-linux-gnueabihf/libnsl-2.23.so
b61d7000-b61e6000 ---p 0000d000 b3:02 392263     /lib/arm-linux-gnueabihf/libnsl-2.23.so
b61e6000-b61e7000 r--p 0000c000 b3:02 392263     /lib/arm-linux-gnueabihf/libnsl-2.23.so
b61e7000-b61e8000 rw-p 0000d000 b3:02 392263     /lib/arm-linux-gnueabihf/libnsl-2.23.so
b61e8000-b61ea000 rw-p 00000000 00:00 0 
b61ea000-b61ee000 r-xp 00000000 b3:02 392264     /lib/arm-linux-gnueabihf/libnss_compat-2.23.so
b61ee000-b61fe000 ---p 00004000 b3:02 392264     /lib/arm-linux-gnueabihf/libnss_compat-2.23.so
b61fe000-b61ff000 r--p 00004000 b3:02 392264     /lib/arm-linux-gnueabihf/libnss_compat-2.23.so
b61ff000-b6200000 rw-p 00005000 b3:02 392264     /lib/arm-linux-gnueabihf/libnss_compat-2.23.so
b6200000-b6300000 rw-p 00000000 00:00 0 
b6306000-b6310000 r-xp 00000000 b3:02 269820     /usr/lib/jvm/java-8-oracle/jre/lib/arm/libprism_es2_monocle.so
b6310000-b6317000 ---p 0000a000 b3:02 269820     /usr/lib/jvm/java-8-oracle/jre/lib/arm/libprism_es2_monocle.so
b6317000-b6318000 rw-p 00009000 b3:02 269820     /usr/lib/jvm/java-8-oracle/jre/lib/arm/libprism_es2_monocle.so
b6318000-b633b000 r-xp 00000000 b3:02 269794     /usr/lib/jvm/java-8-oracle/jre/lib/arm/libjava.so
b633b000-b6343000 ---p 00023000 b3:02 269794     /usr/lib/jvm/java-8-oracle/jre/lib/arm/libjava.so
b6343000-b6344000 rw-p 00023000 b3:02 269794     /usr/lib/jvm/java-8-oracle/jre/lib/arm/libjava.so
b6344000-b6349000 r-xp 00000000 b3:02 392296     /lib/arm-linux-gnueabihf/librt-2.23.so
b6349000-b6358000 ---p 00005000 b3:02 392296     /lib/arm-linux-gnueabihf/librt-2.23.so
b6358000-b6359000 r--p 00004000 b3:02 392296     /lib/arm-linux-gnueabihf/librt-2.23.so
b6359000-b635a000 rw-p 00005000 b3:02 392296     /lib/arm-linux-gnueabihf/librt-2.23.so
b635a000-b635d000 ---p 00000000 00:00 0 
b635d000-b63aa000 rw-p 00000000 00:00 0 
b63aa000-b6411000 r-xp 00000000 b3:02 392252     /lib/arm-linux-gnueabihf/libm-2.23.so
b6411000-b6420000 ---p 00067000 b3:02 392252     /lib/arm-linux-gnueabihf/libm-2.23.so
b6420000-b6421000 r--p 00066000 b3:02 392252     /lib/arm-linux-gnueabihf/libm-2.23.so
b6421000-b6422000 rw-p 00067000 b3:02 392252     /lib/arm-linux-gnueabihf/libm-2.23.so
b6422000-b69b7000 r-xp 00000000 b3:02 269832     /usr/lib/jvm/java-8-oracle/jre/lib/arm/client/libjvm.so
b69b7000-b69bf000 ---p 00595000 b3:02 269832     /usr/lib/jvm/java-8-oracle/jre/lib/arm/client/libjvm.so
b69bf000-b69eb000 rw-p 00595000 b3:02 269832     /usr/lib/jvm/java-8-oracle/jre/lib/arm/client/libjvm.so
b69eb000-b6e12000 rw-p 00000000 00:00 0 
b6e12000-b6e2a000 r-xp 00000000 b3:02 392235     /lib/arm-linux-gnueabihf/libgcc_s.so.1
b6e2a000-b6e39000 ---p 00018000 b3:02 392235     /lib/arm-linux-gnueabihf/libgcc_s.so.1
b6e39000-b6e3a000 rw-p 00017000 b3:02 392235     /lib/arm-linux-gnueabihf/libgcc_s.so.1
b6e3a000-b6f10000 r-xp 00000000 b3:02 392218     /lib/arm-linux-gnueabihf/libc-2.23.so
b6f10000-b6f20000 ---p 000d6000 b3:02 392218     /lib/arm-linux-gnueabihf/libc-2.23.so
b6f20000-b6f22000 r--p 000d6000 b3:02 392218     /lib/arm-linux-gnueabihf/libc-2.23.so
b6f22000-b6f23000 rw-p 000d8000 b3:02 392218     /lib/arm-linux-gnueabihf/libc-2.23.so
b6f23000-b6f26000 rw-p 00000000 00:00 0 
b6f26000-b6f28000 r-xp 00000000 b3:02 392228     /lib/arm-linux-gnueabihf/libdl-2.23.so
b6f28000-b6f37000 ---p 00002000 b3:02 392228     /lib/arm-linux-gnueabihf/libdl-2.23.so
b6f37000-b6f38000 r--p 00001000 b3:02 392228     /lib/arm-linux-gnueabihf/libdl-2.23.so
b6f38000-b6f39000 rw-p 00002000 b3:02 392228     /lib/arm-linux-gnueabihf/libdl-2.23.so
b6f39000-b6f4e000 r-xp 00000000 b3:02 269833     /usr/lib/jvm/java-8-oracle/jre/lib/arm/jli/libjli.so
b6f4e000-b6f55000 ---p 00015000 b3:02 269833     /usr/lib/jvm/java-8-oracle/jre/lib/arm/jli/libjli.so
b6f55000-b6f56000 rw-p 00014000 b3:02 269833     /usr/lib/jvm/java-8-oracle/jre/lib/arm/jli/libjli.so
b6f56000-b6f67000 r-xp 00000000 b3:02 392292     /lib/arm-linux-gnueabihf/libpthread-2.23.so
b6f67000-b6f76000 ---p 00011000 b3:02 392292     /lib/arm-linux-gnueabihf/libpthread-2.23.so
b6f76000-b6f77000 r--p 00010000 b3:02 392292     /lib/arm-linux-gnueabihf/libpthread-2.23.so
b6f77000-b6f78000 rw-p 00011000 b3:02 392292     /lib/arm-linux-gnueabihf/libpthread-2.23.so
b6f78000-b6f7a000 rw-p 00000000 00:00 0 
b6f80000-b6f89000 r-xp 00000000 b3:02 269829     /usr/lib/jvm/java-8-oracle/jre/lib/arm/libverify.so
b6f89000-b6f91000 ---p 00009000 b3:02 269829     /usr/lib/jvm/java-8-oracle/jre/lib/arm/libverify.so
b6f91000-b6f92000 rw-p 00009000 b3:02 269829     /usr/lib/jvm/java-8-oracle/jre/lib/arm/libverify.so
b6f92000-b6faa000 r-xp 00000000 b3:02 392128     /lib/arm-linux-gnueabihf/ld-2.23.so
b6faa000-b6fad000 rw-s 10000000 00:06 12848      /dev/dri/renderD128
b6fad000-b6fb5000 rw-s 00000000 00:24 7203202    /tmp/hsperfdata_root/10016
b6fb5000-b6fb6000 r--p 00000000 00:00 0 
b6fb6000-b6fb9000 rw-p 00000000 00:00 0 
b6fb9000-b6fba000 r--p 00017000 b3:02 392128     /lib/arm-linux-gnueabihf/ld-2.23.so
b6fba000-b6fbb000 rw-p 00018000 b3:02 392128     /lib/arm-linux-gnueabihf/ld-2.23.so
bec42000-bec63000 rw-p 00000000 00:00 0          [stack]
beeae000-beeaf000 r-xp 00000000 00:00 0          [sigpage]
beeaf000-beeb0000 r--p 00000000 00:00 0          [vvar]
beeb0000-beeb1000 r-xp 00000000 00:00 0          [vdso]
ffff0000-ffff1000 r-xp 00000000 00:00 0          [vectors]

VM Arguments:
jvm_args: -Dcom.sun.glass.ui.monocle.prefRes=1024x600 -Dmonocle.input.touchRadius=1 -Dcom.sun.javafx.isEmbedded=true -Dmonocle.com.sun.javafx.touch=true -Dcom.sun.javafx.touch=true -Dglass.platform=Monocle -Dprism.forceGPU=true -Dcom.sun.javafx.experimental.embedded.3d=true -Dprism.verbose=true -XX:+HeapDumpOnOutOfMemoryError -XX:HeapDumpPath=/var/db/xact/heap.bin 
java_command: com.xactmetal.javaapp.Main
java_class_path (initial): /tmp/xact/XMTouchscreen.jar:/usr/share/xact/java/lib/librealsense-platform-1.12.1-1.4.1.jar:/usr/share/xact/java/lib/videoinput-platform-0.200-1.4.1.jar:/usr/share/xact/java/lib/libfreenect2-platform-0.2.0-1.4.1.jar:/usr/share/xact/java/lib/videoinput-0.200-1.4.1.jar:/usr/share/xact/java/lib/flandmark-1.07-1.4.1.jar:/usr/share/xact/java/lib/libfreenect2-0.2.0-1.4.1.jar:/usr/share/xact/java/lib/ffmpeg-platform-3.4.2-1.4.1.jar:/usr/share/xact/java/lib/libdc1394-2.2.5-1.4.1-linux-armhf.jar:/usr/share/xact/java/lib/javacpp-1.4.1.jar:/usr/share/xact/java/lib/librealsense-1.12.1-1.4.1.jar:/usr/share/xact/java/lib/libdc1394-2.2.5-1.4.1.jar:/usr/share/xact/java/lib/flycapture-2.11.3.121-1.4.1-linux-armhf.jar:/usr/share/xact/java/lib/ffmpeg-3.4.2-1.4.1-linux-armhf.jar:/usr/share/xact/java/lib/artoolkitplus-2.3.1-1.4.1.jar:/usr/share/xact/java/lib/flandmark-1.07-1.4.1-linux-armhf.jar:/usr/share/xact/java/lib/libfreenect-platform-0.5.3-1.4.1.jar:/usr/share/xact/java/lib/artoolkitplus-2.3.1-1.4.1-linux-armhf.jar:/usr/share/xact/java/lib/libfreenect-0.5.3-1.4.1-linux-armhf.jar:/usr/share/xact/java/lib/flandmark-platform-1.07-1.4.1.jar:/usr/share/xact/java/lib/libfreenect-0.5.3-1.4.1.jar:/usr/share/xact/java/lib/opencv-platform-3.4.1-1.4.1.jar:/usr/share/xact/java/lib/opencv-3.4.1-1.4.1-linux-armhf.jar:/usr/share/xact/java/lib/flycapture-platform-2.11.3.121-1.4.1.jar:/usr/share/xact/java/lib/javacv-1.4.1.jar:/usr/share/xact/java/lib/flycapture-2.11.3.121-1.4.1.jar:/usr/share/xact/java/lib/javacv-platform-1.4.1.jar:/usr/share/xact/java/lib/artoolkitplus-platform-2.3.1-1.4.1.jar:/usr/share/xact/java/lib/ffmpeg-3.4.2-1.4.1.jar:/usr/share/xact/java/lib/libdc1394-platform-2.2.5-1.4.1.jar:/usr/share/xact/java/lib/opencv-3.4.1-1.4.1.jar
Launcher Type: SUN_STANDARD

Environment Variables:
PATH=/usr/local/sbin:/usr/local/bin:/usr/sbin:/usr/bin:/sbin:/bin:/snap/bin
USERNAME=root
SHELL=/bin/bash

Signal Handlers:
SIGSEGV: [libjvm.so+0x515dd0], sa_mask[0]=11111111011111111101111111111110, sa_flags=SA_RESTART|SA_SIGINFO
SIGBUS: [libjvm.so+0x515dd0], sa_mask[0]=11111111011111111101111111111110, sa_flags=SA_RESTART|SA_SIGINFO
SIGFPE: [libjvm.so+0x409f84], sa_mask[0]=11111111011111111101111111111110, sa_flags=SA_RESTART|SA_SIGINFO
SIGPIPE: [libjvm.so+0x409f84], sa_mask[0]=11111111011111111101111111111110, sa_flags=SA_RESTART|SA_SIGINFO
SIGXFSZ: [libjvm.so+0x409f84], sa_mask[0]=11111111011111111101111111111110, sa_flags=SA_RESTART|SA_SIGINFO
SIGILL: [libjvm.so+0x409f84], sa_mask[0]=11111111011111111101111111111110, sa_flags=SA_RESTART|SA_SIGINFO
SIGUSR1: SIG_DFL, sa_mask[0]=00000000000000000000000000000000, sa_flags=none
SIGUSR2: [libjvm.so+0x40a0e8], sa_mask[0]=00000000000000000000000000000000, sa_flags=SA_RESTART|SA_SIGINFO
SIGHUP: [libjvm.so+0x40a51c], sa_mask[0]=11111111011111111101111111111110, sa_flags=SA_RESTART|SA_SIGINFO
SIGINT: [libjvm.so+0x40a51c], sa_mask[0]=11111111011111111101111111111110, sa_flags=SA_RESTART|SA_SIGINFO
SIGTERM: [libjvm.so+0x40a51c], sa_mask[0]=11111111011111111101111111111110, sa_flags=SA_RESTART|SA_SIGINFO
SIGQUIT: [libjvm.so+0x40a51c], sa_mask[0]=11111111011111111101111111111110, sa_flags=SA_RESTART|SA_SIGINFO


---------------  S Y S T E M  ---------------

OS:DISTRIB_ID=Ubuntu
DISTRIB_RELEASE=16.04
DISTRIB_CODENAME=xenial
DISTRIB_DESCRIPTION="Ubuntu 16.04.5 LTS"

uname:Linux 4.18.20-armv7-x16 #1xross SMP PREEMPT Mon Jan 7 14:33:29 EST 2019 armv7l
libc:glibc 2.23 NPTL 2.23 
rlimit: STACK 8192k, CORE 0k, NPROC 5837, NOFILE 1048576, AS infinity
load average:0.27 0.09 0.07

/proc/meminfo:
MemTotal:        1017788 kB
MemFree:          400732 kB
MemAvailable:     882564 kB
Buffers:          118840 kB
Cached:           287080 kB
SwapCached:            0 kB
Active:           301180 kB
Inactive:         151668 kB
Active(anon):      51692 kB
Inactive(anon):    22052 kB
Active(file):     249488 kB
Inactive(file):   129616 kB
Unevictable:           0 kB
Mlocked:               0 kB
HighTotal:        262144 kB
HighFree:          12036 kB
LowTotal:         755644 kB
LowFree:          388696 kB
SwapTotal:             0 kB
SwapFree:              0 kB
Dirty:               144 kB
Writeback:             0 kB
AnonPages:         46968 kB
Mapped:            55576 kB
Shmem:             26816 kB
Slab:             140464 kB
SReclaimable:     116880 kB
SUnreclaim:        23584 kB
KernelStack:        1072 kB
PageTables:         1256 kB
NFS_Unstable:          0 kB
Bounce:                0 kB
WritebackTmp:          0 kB
CommitLimit:      508892 kB
Committed_AS:     279656 kB
VmallocTotal:     245760 kB
VmallocUsed:           0 kB
VmallocChunk:          0 kB
CmaTotal:         262144 kB
CmaFree:           12036 kB

container (cgroup) information:
container_type: cgroupv1
cpu_cpuset_cpus: 0-3
cpu_memory_nodes: 0
active_processor_count: 4
cpu_quota: -1
cpu_period: 100000
cpu_shares: -1
memory_limit_in_bytes: -1
memory_and_swap_limit_in_bytes: -1
memory_soft_limit_in_bytes: -1
memory_usage_in_bytes: 458477568
memory_max_usage_in_bytes: 871731200


CPU:total 4 (initial active 4) (ARMv7), vfp

/proc/cpuinfo:
processor	: 0
model name	: ARMv7 Processor rev 10 (v7l)
BogoMIPS	: 7.54
Features	: half thumb fastmult vfp edsp thumbee neon vfpv3 tls vfpd32 
CPU implementer	: 0x41
CPU architecture: 7
CPU variant	: 0x2
CPU part	: 0xc09
CPU revision	: 10

processor	: 1
model name	: ARMv7 Processor rev 10 (v7l)
BogoMIPS	: 7.54
Features	: half thumb fastmult vfp edsp thumbee neon vfpv3 tls vfpd32 
CPU implementer	: 0x41
CPU architecture: 7
CPU variant	: 0x2
CPU part	: 0xc09
CPU revision	: 10

processor	: 2
model name	: ARMv7 Processor rev 10 (v7l)
BogoMIPS	: 7.54
Features	: half thumb fastmult vfp edsp thumbee neon vfpv3 tls vfpd32 
CPU implementer	: 0x41
CPU architecture: 7
CPU variant	: 0x2
CPU part	: 0xc09
CPU revision	: 10

processor	: 3
model name	: ARMv7 Processor rev 10 (v7l)
BogoMIPS	: 7.54
Features	: half thumb fastmult vfp edsp thumbee neon vfpv3 tls vfpd32 
CPU implementer	: 0x41
CPU architecture: 7
CPU variant	: 0x2
CPU part	: 0xc09
CPU revision	: 10

Hardware	: Freescale i.MX6 Quad/DualLite (Device Tree)
Revision	: 0000
Serial		: 0000000000000000


Memory: 4k page, physical 1017788k(400732k free), swap 0k(0k free)

vm_info: Java HotSpot(TM) Client VM (25.191-b12) for linux-arm-vfp-hflt JRE (1.8.0_191-b12), built on Oct  6 2018 09:06:07 by "java_re" with gcc 4.7.2 20120910 (prerelease)

time: Fri Sep 13 19:53:35 2019
elapsed time: 1 seconds (0d 0h 0m 1s)

